# JRE version: Java(TM) SE Runtime Environment (8.0_131-b11) (build 1.8.0_131-b11)
# Java VM: Java HotSpot(TM) 64-Bit Server VM (25.131-b11 mixed mode windows-amd64 compressed oops)
Heap:
 PSYoungGen      total 64512K, used 8983K [0x00000000d5d00000, 0x00000000dd000000, 0x0000000100000000)
  eden space 22528K, 39% used [0x00000000d5d00000,0x00000000d65c5fe8,0x00000000d7300000)
  from space 41984K, 0% used [0x00000000d7300000,0x00000000d7300000,0x00000000d9c00000)
  to   space 47616K, 0% used [0x00000000da180000,0x00000000da180000,0x00000000dd000000)
 ParOldGen       total 102912K, used 18141K [0x0000000081600000, 0x0000000087a80000, 0x00000000d5d00000)
  object space 102912K, 17% used [0x0000000081600000,0x00000000827b7608,0x0000000087a80000)
 Metaspace       used 27313K, capacity 27542K, committed 27904K, reserved 1073152K
  class space    used 3189K, capacity 3279K, committed 3328K, reserved 1048576K
GC Heap History (10 events):
Event: 10449.324 GC heap before
{Heap before GC invocations=7 (full 1):
 PSYoungGen      total 37888K, used 36957K [0x00000000d5d00000, 0x00000000dc500000, 0x0000000100000000)
  eden space 32768K, 100% used [0x00000000d5d00000,0x00000000d7d00000,0x00000000d7d00000)
  from space 5120K, 81% used [0x00000000d7d80000,0x00000000d81977e0,0x00000000d8280000)
  to   space 36864K, 0% used [0x00000000da100000,0x00000000da100000,0x00000000dc500000)
 ParOldGen       total 98304K, used 17937K [0x0000000081600000, 0x0000000087600000, 0x00000000d5d00000)
  object space 98304K, 18% used [0x0000000081600000,0x0000000082784418,0x0000000087600000)
 Metaspace       used 27068K, capacity 27328K, committed 27648K, reserved 1073152K
  class space    used 3196K, capacity 3298K, committed 3328K, reserved 1048576K
Event: 10449.347 GC heap after
Heap after GC invocations=7 (full 1):
 PSYoungGen      total 59392K, used 36418K [0x00000000d5d00000, 0x00000000dd880000, 0x0000000100000000)
  eden space 22528K, 0% used [0x00000000d5d00000,0x00000000d5d00000,0x00000000d7300000)
  from space 36864K, 98% used [0x00000000da100000,0x00000000dc490bb0,0x00000000dc500000)
  to   space 47104K, 0% used [0x00000000d7300000,0x00000000d7300000,0x00000000da100000)
 ParOldGen       total 98304K, used 17945K [0x0000000081600000, 0x0000000087600000, 0x00000000d5d00000)
  object space 98304K, 18% used [0x0000000081600000,0x0000000082786418,0x0000000087600000)
 Metaspace       used 27068K, capacity 27328K, committed 27648K, reserved 1073152K
  class space    used 3196K, capacity 3298K, committed 3328K, reserved 1048576K
}
Event: 10651.075 GC heap before
{Heap before GC invocations=8 (full 1):
 PSYoungGen      total 59392K, used 58946K [0x00000000d5d00000, 0x00000000dd880000, 0x0000000100000000)
  eden space 22528K, 100% used [0x00000000d5d00000,0x00000000d7300000,0x00000000d7300000)
  from space 36864K, 98% used [0x00000000da100000,0x00000000dc490bb0,0x00000000dc500000)
  to   space 47104K, 0% used [0x00000000d7300000,0x00000000d7300000,0x00000000da100000)
 ParOldGen       total 98304K, used 17945K [0x0000000081600000, 0x0000000087600000, 0x00000000d5d00000)
  object space 98304K, 18% used [0x0000000081600000,0x0000000082786418,0x0000000087600000)
 Metaspace       used 27242K, capacity 27528K, committed 27648K, reserved 1073152K
  class space    used 3202K, capacity 3310K, committed 3328K, reserved 1048576K
Event: 10651.082 GC heap after
Heap after GC invocations=8 (full 1):
 PSYoungGen      total 36864K, used 14012K [0x00000000d5d00000, 0x00000000dc700000, 0x0000000100000000)
  eden space 22528K, 0% used [0x00000000d5d00000,0x00000000d5d00000,0x00000000d7300000)
  from space 14336K, 97% used [0x00000000d7300000,0x00000000d80af210,0x00000000d8100000)
  to   space 43008K, 0% used [0x00000000d9d00000,0x00000000d9d00000,0x00000000dc700000)
 ParOldGen       total 98304K, used 17953K [0x0000000081600000, 0x0000000087600000, 0x00000000d5d00000)
  object space 98304K, 18% used [0x0000000081600000,0x0000000082788418,0x0000000087600000)
 Metaspace       used 27242K, capacity 27528K, committed 27648K, reserved 1073152K
  class space    used 3202K, capacity 3310K, committed 3328K, reserved 1048576K
}
Event: 36275.436 GC heap before
{Heap before GC invocations=9 (full 1):
 PSYoungGen      total 36864K, used 33080K [0x00000000d5d00000, 0x00000000dc700000, 0x0000000100000000)
  eden space 22528K, 84% used [0x00000000d5d00000,0x00000000d6f9f198,0x00000000d7300000)
  from space 14336K, 97% used [0x00000000d7300000,0x00000000d80af210,0x00000000d8100000)
  to   space 43008K, 0% used [0x00000000d9d00000,0x00000000d9d00000,0x00000000dc700000)
 ParOldGen       total 98304K, used 40669K [0x0000000081600000, 0x0000000087600000, 0x00000000d5d00000)
  object space 98304K, 41% used [0x0000000081600000,0x0000000083db7438,0x0000000087600000)
 Metaspace       used 27373K, capacity 27670K, committed 27904K, reserved 1073152K
  class space    used 3208K, capacity 3315K, committed 3328K, reserved 1048576K
Event: 36275.498 GC heap after
Heap after GC invocations=9 (full 1):
 PSYoungGen      total 63488K, used 3593K [0x00000000d5d00000, 0x00000000dc500000, 0x0000000100000000)
  eden space 22528K, 0% used [0x00000000d5d00000,0x00000000d5d00000,0x00000000d7300000)
  from space 40960K, 8% used [0x00000000d9d00000,0x00000000da082788,0x00000000dc500000)
  to   space 41984K, 0% used [0x00000000d7300000,0x00000000d7300000,0x00000000d9c00000)
 ParOldGen       total 98304K, used 40677K [0x0000000081600000, 0x0000000087600000, 0x00000000d5d00000)
  object space 98304K, 41% used [0x0000000081600000,0x0000000083db9438,0x0000000087600000)
 Metaspace       used 27373K, capacity 27670K, committed 27904K, reserved 1073152K
  class space    used 3208K, capacity 3315K, committed 3328K, reserved 1048576K
}
Event: 38508.777 GC heap before
{Heap before GC invocations=10 (full 1):
 PSYoungGen      total 63488K, used 26121K [0x00000000d5d00000, 0x00000000dc500000, 0x0000000100000000)
  eden space 22528K, 100% used [0x00000000d5d00000,0x00000000d7300000,0x00000000d7300000)
  from space 40960K, 8% used [0x00000000d9d00000,0x00000000da082788,0x00000000dc500000)
  to   space 41984K, 0% used [0x00000000d7300000,0x00000000d7300000,0x00000000d9c00000)
 ParOldGen       total 98304K, used 40677K [0x0000000081600000, 0x0000000087600000, 0x00000000d5d00000)
  object space 98304K, 41% used [0x0000000081600000,0x0000000083db9438,0x0000000087600000)
 Metaspace       used 27411K, capacity 27734K, committed 27904K, reserved 1073152K
  class space    used 3209K, capacity 3315K, committed 3328K, reserved 1048576K
Event: 38508.837 GC heap after
Heap after GC invocations=10 (full 1):
 PSYoungGen      total 64512K, used 35740K [0x00000000d5d00000, 0x00000000dd000000, 0x0000000100000000)
  eden space 22528K, 0% used [0x00000000d5d00000,0x00000000d5d00000,0x00000000d7300000)
  from space 41984K, 85% used [0x00000000d7300000,0x00000000d95e70e8,0x00000000d9c00000)
  to   space 47616K, 0% used [0x00000000da180000,0x00000000da180000,0x00000000dd000000)
 ParOldGen       total 98304K, used 40685K [0x0000000081600000, 0x0000000087600000, 0x00000000d5d00000)
  object space 98304K, 41% used [0x0000000081600000,0x0000000083dbb438,0x0000000087600000)
 Metaspace       used 27411K, capacity 27734K, committed 27904K, reserved 1073152K
  class space    used 3209K, capacity 3315K, committed 3328K, reserved 1048576K
}
Event: 228740.601 GC heap before
{Heap before GC invocations=11 (full 2):
 PSYoungGen      total 64512K, used 55514K [0x00000000d5d00000, 0x00000000dd000000, 0x0000000100000000)
  eden space 22528K, 87% used [0x00000000d5d00000,0x00000000d704fa18,0x00000000d7300000)
  from space 41984K, 85% used [0x00000000d7300000,0x00000000d95e70e8,0x00000000d9c00000)
  to   space 47616K, 0% used [0x00000000da180000,0x00000000da180000,0x00000000dd000000)
 ParOldGen       total 98304K, used 64411K [0x0000000081600000, 0x0000000087600000, 0x00000000d5d00000)
  object space 98304K, 65% used [0x0000000081600000,0x00000000854e6d58,0x0000000087600000)
 Metaspace       used 27433K, capacity 27734K, committed 27904K, reserved 1073152K
  class space    used 3209K, capacity 3315K, committed 3328K, reserved 1048576K
Event: 228741.411 GC heap after
Heap after GC invocations=11 (full 2):
 PSYoungGen      total 64512K, used 0K [0x00000000d5d00000, 0x00000000dd000000, 0x0000000100000000)
  eden space 22528K, 0% used [0x00000000d5d00000,0x00000000d5d00000,0x00000000d7300000)
  from space 41984K, 0% used [0x00000000d7300000,0x00000000d7300000,0x00000000d9c00000)
  to   space 47616K, 0% used [0x00000000da180000,0x00000000da180000,0x00000000dd000000)
 ParOldGen       total 102912K, used 18141K [0x0000000081600000, 0x0000000087a80000, 0x00000000d5d00000)
  object space 102912K, 17% used [0x0000000081600000,0x00000000827b7608,0x0000000087a80000)
 Metaspace       used 27313K, capacity 27542K, committed 27904K, reserved 1073152K
  class space    used 3189K, capacity 3279K, committed 3328K, reserved 1048576K
}

